CRITICAL - 2022-04-05 19:39:06 --> Trying to get property 'gambar' of non-object
#0 C:\xampp\htdocs\antzeincompany\app\Views\admin\layout\menu.php(28): CodeIgniter\Debug\Exceptions->errorHandler(8, 'Trying to get p...', 'C:\\xampp\\htdocs...', 28, Array)
#1 C:\xampp\htdocs\antzeincompany\app\Views\admin\layout\wrapper.php(12): require_once('C:\\xampp\\htdocs...')
#2 C:\xampp\htdocs\antzeincompany\system\View\View.php(214): include('C:\\xampp\\htdocs...')
#3 C:\xampp\htdocs\antzeincompany\system\View\View.php(217): CodeIgniter\View\View->CodeIgniter\View\{closure}()
#4 C:\xampp\htdocs\antzeincompany\system\Common.php(1097): CodeIgniter\View\View->render('admin/layout/wr...', Array, true)
#5 C:\xampp\htdocs\antzeincompany\app\Controllers\Admin\User.php(42): view('admin/layout/wr...', Array)
#6 C:\xampp\htdocs\antzeincompany\system\CodeIgniter.php(824): App\Controllers\Admin\User->index()
#7 C:\xampp\htdocs\antzeincompany\system\CodeIgniter.php(410): CodeIgniter\CodeIgniter->runController(Object(App\Controllers\Admin\User))
#8 C:\xampp\htdocs\antzeincompany\system\CodeIgniter.php(318): CodeIgniter\CodeIgniter->handleRequest(NULL, Object(Config\Cache), false)
#9 C:\xampp\htdocs\antzeincompany\public\index.php(37): CodeIgniter\CodeIgniter->run()
#10 C:\xampp\htdocs\antzeincompany\index.php(7): require_once('C:\\xampp\\htdocs...')
#11 {main}
CRITICAL - 2022-04-05 19:39:11 --> Trying to get property 'gambar' of non-object
#0 C:\xampp\htdocs\antzeincompany\app\Views\admin\layout\menu.php(28): CodeIgniter\Debug\Exceptions->errorHandler(8, 'Trying to get p...', 'C:\\xampp\\htdocs...', 28, Array)
#1 C:\xampp\htdocs\antzeincompany\app\Views\admin\layout\wrapper.php(12): require_once('C:\\xampp\\htdocs...')
#2 C:\xampp\htdocs\antzeincompany\system\View\View.php(214): include('C:\\xampp\\htdocs...')
#3 C:\xampp\htdocs\antzeincompany\system\View\View.php(217): CodeIgniter\View\View->CodeIgniter\View\{closure}()
#4 C:\xampp\htdocs\antzeincompany\system\Common.php(1097): CodeIgniter\View\View->render('admin/layout/wr...', Array, true)
#5 C:\xampp\htdocs\antzeincompany\app\Controllers\Admin\User.php(42): view('admin/layout/wr...', Array)
#6 C:\xampp\htdocs\antzeincompany\system\CodeIgniter.php(824): App\Controllers\Admin\User->index()
#7 C:\xampp\htdocs\antzeincompany\system\CodeIgniter.php(410): CodeIgniter\CodeIgniter->runController(Object(App\Controllers\Admin\User))
#8 C:\xampp\htdocs\antzeincompany\system\CodeIgniter.php(318): CodeIgniter\CodeIgniter->handleRequest(NULL, Object(Config\Cache), false)
#9 C:\xampp\htdocs\antzeincompany\public\index.php(37): CodeIgniter\CodeIgniter->run()
#10 C:\xampp\htdocs\antzeincompany\index.php(7): require_once('C:\\xampp\\htdocs...')
#11 {main}
CRITICAL - 2022-04-05 19:41:36 --> Trying to get property 'gambar' of non-object
#0 C:\xampp\htdocs\antzeincompany\app\Views\admin\layout\menu.php(28): CodeIgniter\Debug\Exceptions->errorHandler(8, 'Trying to get p...', 'C:\\xampp\\htdocs...', 28, Array)
#1 C:\xampp\htdocs\antzeincompany\app\Views\admin\layout\wrapper.php(12): require_once('C:\\xampp\\htdocs...')
#2 C:\xampp\htdocs\antzeincompany\system\View\View.php(214): include('C:\\xampp\\htdocs...')
#3 C:\xampp\htdocs\antzeincompany\system\View\View.php(217): CodeIgniter\View\View->CodeIgniter\View\{closure}()
#4 C:\xampp\htdocs\antzeincompany\system\Common.php(1097): CodeIgniter\View\View->render('admin/layout/wr...', Array, true)
#5 C:\xampp\htdocs\antzeincompany\app\Controllers\Admin\User.php(42): view('admin/layout/wr...', Array)
#6 C:\xampp\htdocs\antzeincompany\system\CodeIgniter.php(824): App\Controllers\Admin\User->index()
#7 C:\xampp\htdocs\antzeincompany\system\CodeIgniter.php(410): CodeIgniter\CodeIgniter->runController(Object(App\Controllers\Admin\User))
#8 C:\xampp\htdocs\antzeincompany\system\CodeIgniter.php(318): CodeIgniter\CodeIgniter->handleRequest(NULL, Object(Config\Cache), false)
#9 C:\xampp\htdocs\antzeincompany\public\index.php(37): CodeIgniter\CodeIgniter->run()
#10 C:\xampp\htdocs\antzeincompany\index.php(7): require_once('C:\\xampp\\htdocs...')
#11 {main}
CRITICAL - 2022-04-05 19:42:31 --> Trying to get property 'gambar' of non-object
#0 C:\xampp\htdocs\antzeincompany\app\Views\admin\layout\menu.php(28): CodeIgniter\Debug\Exceptions->errorHandler(8, 'Trying to get p...', 'C:\\xampp\\htdocs...', 28, Array)
#1 C:\xampp\htdocs\antzeincompany\app\Views\admin\layout\wrapper.php(12): require_once('C:\\xampp\\htdocs...')
#2 C:\xampp\htdocs\antzeincompany\system\View\View.php(214): include('C:\\xampp\\htdocs...')
#3 C:\xampp\htdocs\antzeincompany\system\View\View.php(217): CodeIgniter\View\View->CodeIgniter\View\{closure}()
#4 C:\xampp\htdocs\antzeincompany\system\Common.php(1097): CodeIgniter\View\View->render('admin/layout/wr...', Array, true)
#5 C:\xampp\htdocs\antzeincompany\app\Controllers\Admin\User.php(42): view('admin/layout/wr...', Array)
#6 C:\xampp\htdocs\antzeincompany\system\CodeIgniter.php(824): App\Controllers\Admin\User->index()
#7 C:\xampp\htdocs\antzeincompany\system\CodeIgniter.php(410): CodeIgniter\CodeIgniter->runController(Object(App\Controllers\Admin\User))
#8 C:\xampp\htdocs\antzeincompany\system\CodeIgniter.php(318): CodeIgniter\CodeIgniter->handleRequest(NULL, Object(Config\Cache), false)
#9 C:\xampp\htdocs\antzeincompany\public\index.php(37): CodeIgniter\CodeIgniter->run()
#10 C:\xampp\htdocs\antzeincompany\index.php(7): require_once('C:\\xampp\\htdocs...')
#11 {main}
CRITICAL - 2022-04-05 19:43:54 --> Trying to access array offset on value of type null
#0 C:\xampp\htdocs\antzeincompany\app\Controllers\Admin\Akun.php(78): CodeIgniter\Debug\Exceptions->errorHandler(8, 'Trying to acces...', 'C:\\xampp\\htdocs...', 78, Array)
#1 C:\xampp\htdocs\antzeincompany\system\CodeIgniter.php(824): App\Controllers\Admin\Akun->index()
#2 C:\xampp\htdocs\antzeincompany\system\CodeIgniter.php(410): CodeIgniter\CodeIgniter->runController(Object(App\Controllers\Admin\Akun))
#3 C:\xampp\htdocs\antzeincompany\system\CodeIgniter.php(318): CodeIgniter\CodeIgniter->handleRequest(NULL, Object(Config\Cache), false)
#4 C:\xampp\htdocs\antzeincompany\public\index.php(37): CodeIgniter\CodeIgniter->run()
#5 C:\xampp\htdocs\antzeincompany\index.php(7): require_once('C:\\xampp\\htdocs...')
#6 {main}
CRITICAL - 2022-04-05 19:43:54 --> Trying to access array offset on value of type null
#0 C:\xampp\htdocs\antzeincompany\app\Controllers\Admin\Akun.php(78): CodeIgniter\Debug\Exceptions->errorHandler(8, 'Trying to acces...', 'C:\\xampp\\htdocs...', 78, Array)
#1 C:\xampp\htdocs\antzeincompany\system\CodeIgniter.php(824): App\Controllers\Admin\Akun->index()
#2 C:\xampp\htdocs\antzeincompany\system\CodeIgniter.php(410): CodeIgniter\CodeIgniter->runController(Object(App\Controllers\Admin\Akun))
#3 C:\xampp\htdocs\antzeincompany\system\CodeIgniter.php(318): CodeIgniter\CodeIgniter->handleRequest(NULL, Object(Config\Cache), false)
#4 C:\xampp\htdocs\antzeincompany\public\index.php(37): CodeIgniter\CodeIgniter->run()
#5 C:\xampp\htdocs\antzeincompany\index.php(7): require_once('C:\\xampp\\htdocs...')
#6 {main}
CRITICAL - 2022-04-05 20:14:21 --> Trying to access array offset on value of type int
#0 C:\xampp\htdocs\antzeincompany\app\Controllers\Admin\Staff.php(87): CodeIgniter\Debug\Exceptions->errorHandler(8, 'Trying to acces...', 'C:\\xampp\\htdocs...', 87, Array)
#1 C:\xampp\htdocs\antzeincompany\system\CodeIgniter.php(824): App\Controllers\Admin\Staff->index()
#2 C:\xampp\htdocs\antzeincompany\system\CodeIgniter.php(410): CodeIgniter\CodeIgniter->runController(Object(App\Controllers\Admin\Staff))
#3 C:\xampp\htdocs\antzeincompany\system\CodeIgniter.php(318): CodeIgniter\CodeIgniter->handleRequest(NULL, Object(Config\Cache), false)
#4 C:\xampp\htdocs\antzeincompany\public\index.php(37): CodeIgniter\CodeIgniter->run()
#5 C:\xampp\htdocs\antzeincompany\index.php(7): require_once('C:\\xampp\\htdocs...')
#6 {main}
CRITICAL - 2022-04-05 20:15:55 --> Trying to access array offset on value of type int
#0 C:\xampp\htdocs\antzeincompany\app\Controllers\Admin\Staff.php(87): CodeIgniter\Debug\Exceptions->errorHandler(8, 'Trying to acces...', 'C:\\xampp\\htdocs...', 87, Array)
#1 C:\xampp\htdocs\antzeincompany\system\CodeIgniter.php(824): App\Controllers\Admin\Staff->index()
#2 C:\xampp\htdocs\antzeincompany\system\CodeIgniter.php(410): CodeIgniter\CodeIgniter->runController(Object(App\Controllers\Admin\Staff))
#3 C:\xampp\htdocs\antzeincompany\system\CodeIgniter.php(318): CodeIgniter\CodeIgniter->handleRequest(NULL, Object(Config\Cache), false)
#4 C:\xampp\htdocs\antzeincompany\public\index.php(37): CodeIgniter\CodeIgniter->run()
#5 C:\xampp\htdocs\antzeincompany\index.php(7): require_once('C:\\xampp\\htdocs...')
#6 {main}
CRITICAL - 2022-04-05 20:18:25 --> Trying to access array offset on value of type int
#0 C:\xampp\htdocs\antzeincompany\app\Controllers\Admin\Staff.php(90): CodeIgniter\Debug\Exceptions->errorHandler(8, 'Trying to acces...', 'C:\\xampp\\htdocs...', 90, Array)
#1 C:\xampp\htdocs\antzeincompany\system\CodeIgniter.php(824): App\Controllers\Admin\Staff->index()
#2 C:\xampp\htdocs\antzeincompany\system\CodeIgniter.php(410): CodeIgniter\CodeIgniter->runController(Object(App\Controllers\Admin\Staff))
#3 C:\xampp\htdocs\antzeincompany\system\CodeIgniter.php(318): CodeIgniter\CodeIgniter->handleRequest(NULL, Object(Config\Cache), false)
#4 C:\xampp\htdocs\antzeincompany\public\index.php(37): CodeIgniter\CodeIgniter->run()
#5 C:\xampp\htdocs\antzeincompany\index.php(7): require_once('C:\\xampp\\htdocs...')
#6 {main}
CRITICAL - 2022-04-05 20:18:45 --> Trying to get property 'total' of non-object
#0 C:\xampp\htdocs\antzeincompany\app\Controllers\Admin\Staff.php(90): CodeIgniter\Debug\Exceptions->errorHandler(8, 'Trying to get p...', 'C:\\xampp\\htdocs...', 90, Array)
#1 C:\xampp\htdocs\antzeincompany\system\CodeIgniter.php(824): App\Controllers\Admin\Staff->index()
#2 C:\xampp\htdocs\antzeincompany\system\CodeIgniter.php(410): CodeIgniter\CodeIgniter->runController(Object(App\Controllers\Admin\Staff))
#3 C:\xampp\htdocs\antzeincompany\system\CodeIgniter.php(318): CodeIgniter\CodeIgniter->handleRequest(NULL, Object(Config\Cache), false)
#4 C:\xampp\htdocs\antzeincompany\public\index.php(37): CodeIgniter\CodeIgniter->run()
#5 C:\xampp\htdocs\antzeincompany\index.php(7): require_once('C:\\xampp\\htdocs...')
#6 {main}
CRITICAL - 2022-04-05 20:19:33 --> Call to a member function get() on int
#0 C:\xampp\htdocs\antzeincompany\system\CodeIgniter.php(824): App\Controllers\Admin\Staff->index()
#1 C:\xampp\htdocs\antzeincompany\system\CodeIgniter.php(410): CodeIgniter\CodeIgniter->runController(Object(App\Controllers\Admin\Staff))
#2 C:\xampp\htdocs\antzeincompany\system\CodeIgniter.php(318): CodeIgniter\CodeIgniter->handleRequest(NULL, Object(Config\Cache), false)
#3 C:\xampp\htdocs\antzeincompany\public\index.php(37): CodeIgniter\CodeIgniter->run()
#4 C:\xampp\htdocs\antzeincompany\index.php(7): require_once('C:\\xampp\\htdocs...')
#5 {main}
CRITICAL - 2022-04-05 20:20:24 --> Trying to access array offset on value of type int
#0 C:\xampp\htdocs\antzeincompany\app\Controllers\Admin\Staff.php(90): CodeIgniter\Debug\Exceptions->errorHandler(8, 'Trying to acces...', 'C:\\xampp\\htdocs...', 90, Array)
#1 C:\xampp\htdocs\antzeincompany\system\CodeIgniter.php(824): App\Controllers\Admin\Staff->index()
#2 C:\xampp\htdocs\antzeincompany\system\CodeIgniter.php(410): CodeIgniter\CodeIgniter->runController(Object(App\Controllers\Admin\Staff))
#3 C:\xampp\htdocs\antzeincompany\system\CodeIgniter.php(318): CodeIgniter\CodeIgniter->handleRequest(NULL, Object(Config\Cache), false)
#4 C:\xampp\htdocs\antzeincompany\public\index.php(37): CodeIgniter\CodeIgniter->run()
#5 C:\xampp\htdocs\antzeincompany\index.php(7): require_once('C:\\xampp\\htdocs...')
#6 {main}
CRITICAL - 2022-04-05 20:21:14 --> Call to a member function getNumRows() on int
#0 C:\xampp\htdocs\antzeincompany\system\CodeIgniter.php(824): App\Controllers\Admin\Staff->index()
#1 C:\xampp\htdocs\antzeincompany\system\CodeIgniter.php(410): CodeIgniter\CodeIgniter->runController(Object(App\Controllers\Admin\Staff))
#2 C:\xampp\htdocs\antzeincompany\system\CodeIgniter.php(318): CodeIgniter\CodeIgniter->handleRequest(NULL, Object(Config\Cache), false)
#3 C:\xampp\htdocs\antzeincompany\public\index.php(37): CodeIgniter\CodeIgniter->run()
#4 C:\xampp\htdocs\antzeincompany\index.php(7): require_once('C:\\xampp\\htdocs...')
#5 {main}
CRITICAL - 2022-04-05 20:21:20 --> Call to a member function getNumRows() on int
#0 C:\xampp\htdocs\antzeincompany\system\CodeIgniter.php(824): App\Controllers\Admin\Staff->index()
#1 C:\xampp\htdocs\antzeincompany\system\CodeIgniter.php(410): CodeIgniter\CodeIgniter->runController(Object(App\Controllers\Admin\Staff))
#2 C:\xampp\htdocs\antzeincompany\system\CodeIgniter.php(318): CodeIgniter\CodeIgniter->handleRequest(NULL, Object(Config\Cache), false)
#3 C:\xampp\htdocs\antzeincompany\public\index.php(37): CodeIgniter\CodeIgniter->run()
#4 C:\xampp\htdocs\antzeincompany\index.php(7): require_once('C:\\xampp\\htdocs...')
#5 {main}
CRITICAL - 2022-04-05 20:21:25 --> Call to a member function getNumRows() on int
#0 C:\xampp\htdocs\antzeincompany\system\CodeIgniter.php(824): App\Controllers\Admin\Staff->index()
#1 C:\xampp\htdocs\antzeincompany\system\CodeIgniter.php(410): CodeIgniter\CodeIgniter->runController(Object(App\Controllers\Admin\Staff))
#2 C:\xampp\htdocs\antzeincompany\system\CodeIgniter.php(318): CodeIgniter\CodeIgniter->handleRequest(NULL, Object(Config\Cache), false)
#3 C:\xampp\htdocs\antzeincompany\public\index.php(37): CodeIgniter\CodeIgniter->run()
#4 C:\xampp\htdocs\antzeincompany\index.php(7): require_once('C:\\xampp\\htdocs...')
#5 {main}
CRITICAL - 2022-04-05 20:21:30 --> Trying to access array offset on value of type int
#0 C:\xampp\htdocs\antzeincompany\app\Controllers\Admin\Staff.php(90): CodeIgniter\Debug\Exceptions->errorHandler(8, 'Trying to acces...', 'C:\\xampp\\htdocs...', 90, Array)
#1 C:\xampp\htdocs\antzeincompany\system\CodeIgniter.php(824): App\Controllers\Admin\Staff->index()
#2 C:\xampp\htdocs\antzeincompany\system\CodeIgniter.php(410): CodeIgniter\CodeIgniter->runController(Object(App\Controllers\Admin\Staff))
#3 C:\xampp\htdocs\antzeincompany\system\CodeIgniter.php(318): CodeIgniter\CodeIgniter->handleRequest(NULL, Object(Config\Cache), false)
#4 C:\xampp\htdocs\antzeincompany\public\index.php(37): CodeIgniter\CodeIgniter->run()
#5 C:\xampp\htdocs\antzeincompany\index.php(7): require_once('C:\\xampp\\htdocs...')
#6 {main}
CRITICAL - 2022-04-05 20:22:30 --> Undefined index: total
#0 C:\xampp\htdocs\antzeincompany\app\Controllers\Admin\Staff.php(90): CodeIgniter\Debug\Exceptions->errorHandler(8, 'Undefined index...', 'C:\\xampp\\htdocs...', 90, Array)
#1 C:\xampp\htdocs\antzeincompany\system\CodeIgniter.php(824): App\Controllers\Admin\Staff->index()
#2 C:\xampp\htdocs\antzeincompany\system\CodeIgniter.php(410): CodeIgniter\CodeIgniter->runController(Object(App\Controllers\Admin\Staff))
#3 C:\xampp\htdocs\antzeincompany\system\CodeIgniter.php(318): CodeIgniter\CodeIgniter->handleRequest(NULL, Object(Config\Cache), false)
#4 C:\xampp\htdocs\antzeincompany\public\index.php(37): CodeIgniter\CodeIgniter->run()
#5 C:\xampp\htdocs\antzeincompany\index.php(7): require_once('C:\\xampp\\htdocs...')
#6 {main}
CRITICAL - 2022-04-05 20:24:03 --> Undefined index: urutan
#0 C:\xampp\htdocs\antzeincompany\app\Views\admin\staff\index.php(28): CodeIgniter\Debug\Exceptions->errorHandler(8, 'Undefined index...', 'C:\\xampp\\htdocs...', 28, Array)
#1 C:\xampp\htdocs\antzeincompany\system\View\View.php(214): include('C:\\xampp\\htdocs...')
#2 C:\xampp\htdocs\antzeincompany\system\View\View.php(217): CodeIgniter\View\View->CodeIgniter\View\{closure}()
#3 C:\xampp\htdocs\antzeincompany\system\Common.php(1097): CodeIgniter\View\View->render('admin/staff/ind...', Array, true)
#4 C:\xampp\htdocs\antzeincompany\app\Views\admin\layout\content.php(4): view('admin/staff/ind...')
#5 C:\xampp\htdocs\antzeincompany\app\Views\admin\layout\wrapper.php(13): require_once('C:\\xampp\\htdocs...')
#6 C:\xampp\htdocs\antzeincompany\system\View\View.php(214): include('C:\\xampp\\htdocs...')
#7 C:\xampp\htdocs\antzeincompany\system\View\View.php(217): CodeIgniter\View\View->CodeIgniter\View\{closure}()
#8 C:\xampp\htdocs\antzeincompany\system\Common.php(1097): CodeIgniter\View\View->render('admin/layout/wr...', Array, true)
#9 C:\xampp\htdocs\antzeincompany\app\Controllers\Admin\Staff.php(95): view('admin/layout/wr...', Array)
#10 C:\xampp\htdocs\antzeincompany\system\CodeIgniter.php(824): App\Controllers\Admin\Staff->index()
#11 C:\xampp\htdocs\antzeincompany\system\CodeIgniter.php(410): CodeIgniter\CodeIgniter->runController(Object(App\Controllers\Admin\Staff))
#12 C:\xampp\htdocs\antzeincompany\system\CodeIgniter.php(318): CodeIgniter\CodeIgniter->handleRequest(NULL, Object(Config\Cache), false)
#13 C:\xampp\htdocs\antzeincompany\public\index.php(37): CodeIgniter\CodeIgniter->run()
#14 C:\xampp\htdocs\antzeincompany\index.php(7): require_once('C:\\xampp\\htdocs...')
#15 {main}
CRITICAL - 2022-04-05 20:24:09 --> Undefined index: urutan
#0 C:\xampp\htdocs\antzeincompany\app\Views\admin\staff\index.php(28): CodeIgniter\Debug\Exceptions->errorHandler(8, 'Undefined index...', 'C:\\xampp\\htdocs...', 28, Array)
#1 C:\xampp\htdocs\antzeincompany\system\View\View.php(214): include('C:\\xampp\\htdocs...')
#2 C:\xampp\htdocs\antzeincompany\system\View\View.php(217): CodeIgniter\View\View->CodeIgniter\View\{closure}()
#3 C:\xampp\htdocs\antzeincompany\system\Common.php(1097): CodeIgniter\View\View->render('admin/staff/ind...', Array, true)
#4 C:\xampp\htdocs\antzeincompany\app\Views\admin\layout\content.php(4): view('admin/staff/ind...')
#5 C:\xampp\htdocs\antzeincompany\app\Views\admin\layout\wrapper.php(13): require_once('C:\\xampp\\htdocs...')
#6 C:\xampp\htdocs\antzeincompany\system\View\View.php(214): include('C:\\xampp\\htdocs...')
#7 C:\xampp\htdocs\antzeincompany\system\View\View.php(217): CodeIgniter\View\View->CodeIgniter\View\{closure}()
#8 C:\xampp\htdocs\antzeincompany\system\Common.php(1097): CodeIgniter\View\View->render('admin/layout/wr...', Array, true)
#9 C:\xampp\htdocs\antzeincompany\app\Controllers\Admin\Staff.php(95): view('admin/layout/wr...', Array)
#10 C:\xampp\htdocs\antzeincompany\system\CodeIgniter.php(824): App\Controllers\Admin\Staff->index()
#11 C:\xampp\htdocs\antzeincompany\system\CodeIgniter.php(410): CodeIgniter\CodeIgniter->runController(Object(App\Controllers\Admin\Staff))
#12 C:\xampp\htdocs\antzeincompany\system\CodeIgniter.php(318): CodeIgniter\CodeIgniter->handleRequest(NULL, Object(Config\Cache), false)
#13 C:\xampp\htdocs\antzeincompany\public\index.php(37): CodeIgniter\CodeIgniter->run()
#14 C:\xampp\htdocs\antzeincompany\index.php(7): require_once('C:\\xampp\\htdocs...')
#15 {main}
CRITICAL - 2022-04-05 20:24:12 --> Trying to access array offset on value of type int
#0 C:\xampp\htdocs\antzeincompany\app\Controllers\Admin\Staff.php(90): CodeIgniter\Debug\Exceptions->errorHandler(8, 'Trying to acces...', 'C:\\xampp\\htdocs...', 90, Array)
#1 C:\xampp\htdocs\antzeincompany\system\CodeIgniter.php(824): App\Controllers\Admin\Staff->index()
#2 C:\xampp\htdocs\antzeincompany\system\CodeIgniter.php(410): CodeIgniter\CodeIgniter->runController(Object(App\Controllers\Admin\Staff))
#3 C:\xampp\htdocs\antzeincompany\system\CodeIgniter.php(318): CodeIgniter\CodeIgniter->handleRequest(NULL, Object(Config\Cache), false)
#4 C:\xampp\htdocs\antzeincompany\public\index.php(37): CodeIgniter\CodeIgniter->run()
#5 C:\xampp\htdocs\antzeincompany\index.php(7): require_once('C:\\xampp\\htdocs...')
#6 {main}
CRITICAL - 2022-04-05 20:24:20 --> Undefined variable: title
#0 C:\xampp\htdocs\antzeincompany\app\Views\admin\layout\head.php(14): CodeIgniter\Debug\Exceptions->errorHandler(8, 'Undefined varia...', 'C:\\xampp\\htdocs...', 14, Array)
#1 C:\xampp\htdocs\antzeincompany\app\Views\admin\layout\wrapper.php(10): require_once('C:\\xampp\\htdocs...')
#2 C:\xampp\htdocs\antzeincompany\system\View\View.php(214): include('C:\\xampp\\htdocs...')
#3 C:\xampp\htdocs\antzeincompany\system\View\View.php(217): CodeIgniter\View\View->CodeIgniter\View\{closure}()
#4 C:\xampp\htdocs\antzeincompany\system\Common.php(1097): CodeIgniter\View\View->render('admin/layout/wr...', Array, true)
#5 C:\xampp\htdocs\antzeincompany\app\Controllers\Admin\Staff.php(95): view('admin/layout/wr...', Array)
#6 C:\xampp\htdocs\antzeincompany\system\CodeIgniter.php(824): App\Controllers\Admin\Staff->index()
#7 C:\xampp\htdocs\antzeincompany\system\CodeIgniter.php(410): CodeIgniter\CodeIgniter->runController(Object(App\Controllers\Admin\Staff))
#8 C:\xampp\htdocs\antzeincompany\system\CodeIgniter.php(318): CodeIgniter\CodeIgniter->handleRequest(NULL, Object(Config\Cache), false)
#9 C:\xampp\htdocs\antzeincompany\public\index.php(37): CodeIgniter\CodeIgniter->run()
#10 C:\xampp\htdocs\antzeincompany\index.php(7): require_once('C:\\xampp\\htdocs...')
#11 {main}
CRITICAL - 2022-04-05 20:24:27 --> Undefined index: urutan
#0 C:\xampp\htdocs\antzeincompany\app\Views\admin\staff\index.php(28): CodeIgniter\Debug\Exceptions->errorHandler(8, 'Undefined index...', 'C:\\xampp\\htdocs...', 28, Array)
#1 C:\xampp\htdocs\antzeincompany\system\View\View.php(214): include('C:\\xampp\\htdocs...')
#2 C:\xampp\htdocs\antzeincompany\system\View\View.php(217): CodeIgniter\View\View->CodeIgniter\View\{closure}()
#3 C:\xampp\htdocs\antzeincompany\system\Common.php(1097): CodeIgniter\View\View->render('admin/staff/ind...', Array, true)
#4 C:\xampp\htdocs\antzeincompany\app\Views\admin\layout\content.php(4): view('admin/staff/ind...')
#5 C:\xampp\htdocs\antzeincompany\app\Views\admin\layout\wrapper.php(13): require_once('C:\\xampp\\htdocs...')
#6 C:\xampp\htdocs\antzeincompany\system\View\View.php(214): include('C:\\xampp\\htdocs...')
#7 C:\xampp\htdocs\antzeincompany\system\View\View.php(217): CodeIgniter\View\View->CodeIgniter\View\{closure}()
#8 C:\xampp\htdocs\antzeincompany\system\Common.php(1097): CodeIgniter\View\View->render('admin/layout/wr...', Array, true)
#9 C:\xampp\htdocs\antzeincompany\app\Controllers\Admin\Staff.php(95): view('admin/layout/wr...', Array)
#10 C:\xampp\htdocs\antzeincompany\system\CodeIgniter.php(824): App\Controllers\Admin\Staff->index()
#11 C:\xampp\htdocs\antzeincompany\system\CodeIgniter.php(410): CodeIgniter\CodeIgniter->runController(Object(App\Controllers\Admin\Staff))
#12 C:\xampp\htdocs\antzeincompany\system\CodeIgniter.php(318): CodeIgniter\CodeIgniter->handleRequest(NULL, Object(Config\Cache), false)
#13 C:\xampp\htdocs\antzeincompany\public\index.php(37): CodeIgniter\CodeIgniter->run()
#14 C:\xampp\htdocs\antzeincompany\index.php(7): require_once('C:\\xampp\\htdocs...')
#15 {main}
CRITICAL - 2022-04-05 20:24:32 --> Trying to access array offset on value of type int
#0 C:\xampp\htdocs\antzeincompany\app\Controllers\Admin\Staff.php(90): CodeIgniter\Debug\Exceptions->errorHandler(8, 'Trying to acces...', 'C:\\xampp\\htdocs...', 90, Array)
#1 C:\xampp\htdocs\antzeincompany\system\CodeIgniter.php(824): App\Controllers\Admin\Staff->index()
#2 C:\xampp\htdocs\antzeincompany\system\CodeIgniter.php(410): CodeIgniter\CodeIgniter->runController(Object(App\Controllers\Admin\Staff))
#3 C:\xampp\htdocs\antzeincompany\system\CodeIgniter.php(318): CodeIgniter\CodeIgniter->handleRequest(NULL, Object(Config\Cache), false)
#4 C:\xampp\htdocs\antzeincompany\public\index.php(37): CodeIgniter\CodeIgniter->run()
#5 C:\xampp\htdocs\antzeincompany\index.php(7): require_once('C:\\xampp\\htdocs...')
#6 {main}
CRITICAL - 2022-04-05 20:24:37 --> Undefined index: urutan
#0 C:\xampp\htdocs\antzeincompany\app\Views\admin\staff\index.php(28): CodeIgniter\Debug\Exceptions->errorHandler(8, 'Undefined index...', 'C:\\xampp\\htdocs...', 28, Array)
#1 C:\xampp\htdocs\antzeincompany\system\View\View.php(214): include('C:\\xampp\\htdocs...')
#2 C:\xampp\htdocs\antzeincompany\system\View\View.php(217): CodeIgniter\View\View->CodeIgniter\View\{closure}()
#3 C:\xampp\htdocs\antzeincompany\system\Common.php(1097): CodeIgniter\View\View->render('admin/staff/ind...', Array, true)
#4 C:\xampp\htdocs\antzeincompany\app\Views\admin\layout\content.php(4): view('admin/staff/ind...')
#5 C:\xampp\htdocs\antzeincompany\app\Views\admin\layout\wrapper.php(13): require_once('C:\\xampp\\htdocs...')
#6 C:\xampp\htdocs\antzeincompany\system\View\View.php(214): include('C:\\xampp\\htdocs...')
#7 C:\xampp\htdocs\antzeincompany\system\View\View.php(217): CodeIgniter\View\View->CodeIgniter\View\{closure}()
#8 C:\xampp\htdocs\antzeincompany\system\Common.php(1097): CodeIgniter\View\View->render('admin/layout/wr...', Array, true)
#9 C:\xampp\htdocs\antzeincompany\app\Controllers\Admin\Staff.php(95): view('admin/layout/wr...', Array)
#10 C:\xampp\htdocs\antzeincompany\system\CodeIgniter.php(824): App\Controllers\Admin\Staff->index()
#11 C:\xampp\htdocs\antzeincompany\system\CodeIgniter.php(410): CodeIgniter\CodeIgniter->runController(Object(App\Controllers\Admin\Staff))
#12 C:\xampp\htdocs\antzeincompany\system\CodeIgniter.php(318): CodeIgniter\CodeIgniter->handleRequest(NULL, Object(Config\Cache), false)
#13 C:\xampp\htdocs\antzeincompany\public\index.php(37): CodeIgniter\CodeIgniter->run()
#14 C:\xampp\htdocs\antzeincompany\index.php(7): require_once('C:\\xampp\\htdocs...')
#15 {main}
CRITICAL - 2022-04-05 20:25:16 --> Undefined index: urutan
#0 C:\xampp\htdocs\antzeincompany\app\Views\admin\staff\index.php(28): CodeIgniter\Debug\Exceptions->errorHandler(8, 'Undefined index...', 'C:\\xampp\\htdocs...', 28, Array)
#1 C:\xampp\htdocs\antzeincompany\system\View\View.php(214): include('C:\\xampp\\htdocs...')
#2 C:\xampp\htdocs\antzeincompany\system\View\View.php(217): CodeIgniter\View\View->CodeIgniter\View\{closure}()
#3 C:\xampp\htdocs\antzeincompany\system\Common.php(1097): CodeIgniter\View\View->render('admin/staff/ind...', Array, true)
#4 C:\xampp\htdocs\antzeincompany\app\Views\admin\layout\content.php(4): view('admin/staff/ind...')
#5 C:\xampp\htdocs\antzeincompany\app\Views\admin\layout\wrapper.php(13): require_once('C:\\xampp\\htdocs...')
#6 C:\xampp\htdocs\antzeincompany\system\View\View.php(214): include('C:\\xampp\\htdocs...')
#7 C:\xampp\htdocs\antzeincompany\system\View\View.php(217): CodeIgniter\View\View->CodeIgniter\View\{closure}()
#8 C:\xampp\htdocs\antzeincompany\system\Common.php(1097): CodeIgniter\View\View->render('admin/layout/wr...', Array, true)
#9 C:\xampp\htdocs\antzeincompany\app\Controllers\Admin\Staff.php(95): view('admin/layout/wr...', Array)
#10 C:\xampp\htdocs\antzeincompany\system\CodeIgniter.php(824): App\Controllers\Admin\Staff->index()
#11 C:\xampp\htdocs\antzeincompany\system\CodeIgniter.php(410): CodeIgniter\CodeIgniter->runController(Object(App\Controllers\Admin\Staff))
#12 C:\xampp\htdocs\antzeincompany\system\CodeIgniter.php(318): CodeIgniter\CodeIgniter->handleRequest(NULL, Object(Config\Cache), false)
#13 C:\xampp\htdocs\antzeincompany\public\index.php(37): CodeIgniter\CodeIgniter->run()
#14 C:\xampp\htdocs\antzeincompany\index.php(7): require_once('C:\\xampp\\htdocs...')
#15 {main}
CRITICAL - 2022-04-05 20:27:29 --> Undefined index: urutan
#0 C:\xampp\htdocs\antzeincompany\app\Views\admin\staff\edit.php(17): CodeIgniter\Debug\Exceptions->errorHandler(8, 'Undefined index...', 'C:\\xampp\\htdocs...', 17, Array)
#1 C:\xampp\htdocs\antzeincompany\system\View\View.php(214): include('C:\\xampp\\htdocs...')
#2 C:\xampp\htdocs\antzeincompany\system\View\View.php(217): CodeIgniter\View\View->CodeIgniter\View\{closure}()
#3 C:\xampp\htdocs\antzeincompany\system\Common.php(1097): CodeIgniter\View\View->render('admin/staff/edi...', Array, true)
#4 C:\xampp\htdocs\antzeincompany\app\Views\admin\layout\content.php(4): view('admin/staff/edi...')
#5 C:\xampp\htdocs\antzeincompany\app\Views\admin\layout\wrapper.php(13): require_once('C:\\xampp\\htdocs...')
#6 C:\xampp\htdocs\antzeincompany\system\View\View.php(214): include('C:\\xampp\\htdocs...')
#7 C:\xampp\htdocs\antzeincompany\system\View\View.php(217): CodeIgniter\View\View->CodeIgniter\View\{closure}()
#8 C:\xampp\htdocs\antzeincompany\system\Common.php(1097): CodeIgniter\View\View->render('admin/layout/wr...', Array, true)
#9 C:\xampp\htdocs\antzeincompany\app\Controllers\Admin\Staff.php(182): view('admin/layout/wr...', Array)
#10 C:\xampp\htdocs\antzeincompany\system\CodeIgniter.php(824): App\Controllers\Admin\Staff->edit('10')
#11 C:\xampp\htdocs\antzeincompany\system\CodeIgniter.php(410): CodeIgniter\CodeIgniter->runController(Object(App\Controllers\Admin\Staff))
#12 C:\xampp\htdocs\antzeincompany\system\CodeIgniter.php(318): CodeIgniter\CodeIgniter->handleRequest(NULL, Object(Config\Cache), false)
#13 C:\xampp\htdocs\antzeincompany\public\index.php(37): CodeIgniter\CodeIgniter->run()
#14 C:\xampp\htdocs\antzeincompany\index.php(7): require_once('C:\\xampp\\htdocs...')
#15 {main}
ERROR - 2022-04-05 20:32:47 --> Unknown column 'urutan' in 'field list'
CRITICAL - 2022-04-05 20:32:47 --> Unknown column 'urutan' in 'field list'
#0 C:\xampp\htdocs\antzeincompany\system\Database\MySQLi\Connection.php(292): mysqli->query('UPDATE `staff` ...', 0)
#1 C:\xampp\htdocs\antzeincompany\system\Database\BaseConnection.php(670): CodeIgniter\Database\MySQLi\Connection->execute('UPDATE `staff` ...')
#2 C:\xampp\htdocs\antzeincompany\system\Database\BaseConnection.php(598): CodeIgniter\Database\BaseConnection->simpleQuery('UPDATE `staff` ...')
#3 C:\xampp\htdocs\antzeincompany\system\Database\BaseBuilder.php(1901): CodeIgniter\Database\BaseConnection->query('UPDATE `staff` ...', Array, false)
#4 C:\xampp\htdocs\antzeincompany\app\Models\Staff_model.php(89): CodeIgniter\Database\BaseBuilder->update(Array)
#5 C:\xampp\htdocs\antzeincompany\app\Controllers\Admin\Staff.php(170): App\Models\Staff_model->edit(Array)
#6 C:\xampp\htdocs\antzeincompany\system\CodeIgniter.php(824): App\Controllers\Admin\Staff->edit('10')
#7 C:\xampp\htdocs\antzeincompany\system\CodeIgniter.php(410): CodeIgniter\CodeIgniter->runController(Object(App\Controllers\Admin\Staff))
#8 C:\xampp\htdocs\antzeincompany\system\CodeIgniter.php(318): CodeIgniter\CodeIgniter->handleRequest(NULL, Object(Config\Cache), false)
#9 C:\xampp\htdocs\antzeincompany\public\index.php(37): CodeIgniter\CodeIgniter->run()
#10 C:\xampp\htdocs\antzeincompany\index.php(7): require_once('C:\\xampp\\htdocs...')
#11 {main}
ERROR - 2022-04-05 20:34:59 --> Unknown column 'urutan' in 'field list'
CRITICAL - 2022-04-05 20:34:59 --> Unknown column 'urutan' in 'field list'
#0 C:\xampp\htdocs\antzeincompany\system\Database\MySQLi\Connection.php(292): mysqli->query('UPDATE `staff` ...', 0)
#1 C:\xampp\htdocs\antzeincompany\system\Database\BaseConnection.php(670): CodeIgniter\Database\MySQLi\Connection->execute('UPDATE `staff` ...')
#2 C:\xampp\htdocs\antzeincompany\system\Database\BaseConnection.php(598): CodeIgniter\Database\BaseConnection->simpleQuery('UPDATE `staff` ...')
#3 C:\xampp\htdocs\antzeincompany\system\Database\BaseBuilder.php(1901): CodeIgniter\Database\BaseConnection->query('UPDATE `staff` ...', Array, false)
#4 C:\xampp\htdocs\antzeincompany\app\Models\Staff_model.php(89): CodeIgniter\Database\BaseBuilder->update(Array)
#5 C:\xampp\htdocs\antzeincompany\app\Controllers\Admin\Staff.php(170): App\Models\Staff_model->edit(Array)
#6 C:\xampp\htdocs\antzeincompany\system\CodeIgniter.php(824): App\Controllers\Admin\Staff->edit('10')
#7 C:\xampp\htdocs\antzeincompany\system\CodeIgniter.php(410): CodeIgniter\CodeIgniter->runController(Object(App\Controllers\Admin\Staff))
#8 C:\xampp\htdocs\antzeincompany\system\CodeIgniter.php(318): CodeIgniter\CodeIgniter->handleRequest(NULL, Object(Config\Cache), false)
#9 C:\xampp\htdocs\antzeincompany\public\index.php(37): CodeIgniter\CodeIgniter->run()
#10 C:\xampp\htdocs\antzeincompany\index.php(7): require_once('C:\\xampp\\htdocs...')
#11 {main}
ERROR - 2022-04-05 20:36:12 --> Unknown column 'urutan' in 'field list'
CRITICAL - 2022-04-05 20:36:12 --> Unknown column 'urutan' in 'field list'
#0 C:\xampp\htdocs\antzeincompany\system\Database\MySQLi\Connection.php(292): mysqli->query('UPDATE `staff` ...', 0)
#1 C:\xampp\htdocs\antzeincompany\system\Database\BaseConnection.php(670): CodeIgniter\Database\MySQLi\Connection->execute('UPDATE `staff` ...')
#2 C:\xampp\htdocs\antzeincompany\system\Database\BaseConnection.php(598): CodeIgniter\Database\BaseConnection->simpleQuery('UPDATE `staff` ...')
#3 C:\xampp\htdocs\antzeincompany\system\Database\BaseBuilder.php(1901): CodeIgniter\Database\BaseConnection->query('UPDATE `staff` ...', Array, false)
#4 C:\xampp\htdocs\antzeincompany\app\Models\Staff_model.php(89): CodeIgniter\Database\BaseBuilder->update(Array)
#5 C:\xampp\htdocs\antzeincompany\app\Controllers\Admin\Staff.php(170): App\Models\Staff_model->edit(Array)
#6 C:\xampp\htdocs\antzeincompany\system\CodeIgniter.php(824): App\Controllers\Admin\Staff->edit('10')
#7 C:\xampp\htdocs\antzeincompany\system\CodeIgniter.php(410): CodeIgniter\CodeIgniter->runController(Object(App\Controllers\Admin\Staff))
#8 C:\xampp\htdocs\antzeincompany\system\CodeIgniter.php(318): CodeIgniter\CodeIgniter->handleRequest(NULL, Object(Config\Cache), false)
#9 C:\xampp\htdocs\antzeincompany\public\index.php(37): CodeIgniter\CodeIgniter->run()
#10 C:\xampp\htdocs\antzeincompany\index.php(7): require_once('C:\\xampp\\htdocs...')
#11 {main}
ERROR - 2022-04-05 20:37:28 --> Column 'urutan' in field list is ambiguous
CRITICAL - 2022-04-05 20:37:28 --> Column 'urutan' in field list is ambiguous
#0 C:\xampp\htdocs\antzeincompany\system\Database\MySQLi\Connection.php(292): mysqli->query('SELECT `staff`....', 0)
#1 C:\xampp\htdocs\antzeincompany\system\Database\BaseConnection.php(670): CodeIgniter\Database\MySQLi\Connection->execute('SELECT `staff`....')
#2 C:\xampp\htdocs\antzeincompany\system\Database\BaseConnection.php(598): CodeIgniter\Database\BaseConnection->simpleQuery('SELECT `staff`....')
#3 C:\xampp\htdocs\antzeincompany\system\Database\BaseBuilder.php(1443): CodeIgniter\Database\BaseConnection->query('SELECT `staff`....', Array, false)
#4 C:\xampp\htdocs\antzeincompany\app\Models\Staff_model.php(72): CodeIgniter\Database\BaseBuilder->get()
#5 C:\xampp\htdocs\antzeincompany\app\Controllers\Admin\Staff.php(104): App\Models\Staff_model->detail('10')
#6 C:\xampp\htdocs\antzeincompany\system\CodeIgniter.php(824): App\Controllers\Admin\Staff->edit('10')
#7 C:\xampp\htdocs\antzeincompany\system\CodeIgniter.php(410): CodeIgniter\CodeIgniter->runController(Object(App\Controllers\Admin\Staff))
#8 C:\xampp\htdocs\antzeincompany\system\CodeIgniter.php(318): CodeIgniter\CodeIgniter->handleRequest(NULL, Object(Config\Cache), false)
#9 C:\xampp\htdocs\antzeincompany\public\index.php(37): CodeIgniter\CodeIgniter->run()
#10 C:\xampp\htdocs\antzeincompany\index.php(7): require_once('C:\\xampp\\htdocs...')
#11 {main}
ERROR - 2022-04-05 20:37:32 --> Column 'urutan' in field list is ambiguous
CRITICAL - 2022-04-05 20:37:32 --> Column 'urutan' in field list is ambiguous
#0 C:\xampp\htdocs\antzeincompany\system\Database\MySQLi\Connection.php(292): mysqli->query('SELECT `staff`....', 0)
#1 C:\xampp\htdocs\antzeincompany\system\Database\BaseConnection.php(670): CodeIgniter\Database\MySQLi\Connection->execute('SELECT `staff`....')
#2 C:\xampp\htdocs\antzeincompany\system\Database\BaseConnection.php(598): CodeIgniter\Database\BaseConnection->simpleQuery('SELECT `staff`....')
#3 C:\xampp\htdocs\antzeincompany\system\Database\BaseBuilder.php(1443): CodeIgniter\Database\BaseConnection->query('SELECT `staff`....', Array, false)
#4 C:\xampp\htdocs\antzeincompany\app\Models\Staff_model.php(72): CodeIgniter\Database\BaseBuilder->get()
#5 C:\xampp\htdocs\antzeincompany\app\Controllers\Admin\Staff.php(104): App\Models\Staff_model->detail('10')
#6 C:\xampp\htdocs\antzeincompany\system\CodeIgniter.php(824): App\Controllers\Admin\Staff->edit('10')
#7 C:\xampp\htdocs\antzeincompany\system\CodeIgniter.php(410): CodeIgniter\CodeIgniter->runController(Object(App\Controllers\Admin\Staff))
#8 C:\xampp\htdocs\antzeincompany\system\CodeIgniter.php(318): CodeIgniter\CodeIgniter->handleRequest(NULL, Object(Config\Cache), false)
#9 C:\xampp\htdocs\antzeincompany\public\index.php(37): CodeIgniter\CodeIgniter->run()
#10 C:\xampp\htdocs\antzeincompany\index.php(7): require_once('C:\\xampp\\htdocs...')
#11 {main}
ERROR - 2022-04-05 20:37:33 --> Column 'urutan' in field list is ambiguous
CRITICAL - 2022-04-05 20:37:33 --> Column 'urutan' in field list is ambiguous
#0 C:\xampp\htdocs\antzeincompany\system\Database\MySQLi\Connection.php(292): mysqli->query('SELECT `staff`....', 0)
#1 C:\xampp\htdocs\antzeincompany\system\Database\BaseConnection.php(670): CodeIgniter\Database\MySQLi\Connection->execute('SELECT `staff`....')
#2 C:\xampp\htdocs\antzeincompany\system\Database\BaseConnection.php(598): CodeIgniter\Database\BaseConnection->simpleQuery('SELECT `staff`....')
#3 C:\xampp\htdocs\antzeincompany\system\Database\BaseBuilder.php(1443): CodeIgniter\Database\BaseConnection->query('SELECT `staff`....', Array, false)
#4 C:\xampp\htdocs\antzeincompany\app\Models\Staff_model.php(21): CodeIgniter\Database\BaseBuilder->get()
#5 C:\xampp\htdocs\antzeincompany\app\Controllers\Admin\Staff.php(16): App\Models\Staff_model->listing()
#6 C:\xampp\htdocs\antzeincompany\system\CodeIgniter.php(824): App\Controllers\Admin\Staff->index()
#7 C:\xampp\htdocs\antzeincompany\system\CodeIgniter.php(410): CodeIgniter\CodeIgniter->runController(Object(App\Controllers\Admin\Staff))
#8 C:\xampp\htdocs\antzeincompany\system\CodeIgniter.php(318): CodeIgniter\CodeIgniter->handleRequest(NULL, Object(Config\Cache), false)
#9 C:\xampp\htdocs\antzeincompany\public\index.php(37): CodeIgniter\CodeIgniter->run()
#10 C:\xampp\htdocs\antzeincompany\index.php(7): require_once('C:\\xampp\\htdocs...')
#11 {main}
ERROR - 2022-04-05 20:37:40 --> Column 'urutan' in field list is ambiguous
CRITICAL - 2022-04-05 20:37:40 --> Column 'urutan' in field list is ambiguous
#0 C:\xampp\htdocs\antzeincompany\system\Database\MySQLi\Connection.php(292): mysqli->query('SELECT `staff`....', 0)
#1 C:\xampp\htdocs\antzeincompany\system\Database\BaseConnection.php(670): CodeIgniter\Database\MySQLi\Connection->execute('SELECT `staff`....')
#2 C:\xampp\htdocs\antzeincompany\system\Database\BaseConnection.php(598): CodeIgniter\Database\BaseConnection->simpleQuery('SELECT `staff`....')
#3 C:\xampp\htdocs\antzeincompany\system\Database\BaseBuilder.php(1443): CodeIgniter\Database\BaseConnection->query('SELECT `staff`....', Array, false)
#4 C:\xampp\htdocs\antzeincompany\app\Models\Staff_model.php(21): CodeIgniter\Database\BaseBuilder->get()
#5 C:\xampp\htdocs\antzeincompany\app\Controllers\Admin\Staff.php(16): App\Models\Staff_model->listing()
#6 C:\xampp\htdocs\antzeincompany\system\CodeIgniter.php(824): App\Controllers\Admin\Staff->index()
#7 C:\xampp\htdocs\antzeincompany\system\CodeIgniter.php(410): CodeIgniter\CodeIgniter->runController(Object(App\Controllers\Admin\Staff))
#8 C:\xampp\htdocs\antzeincompany\system\CodeIgniter.php(318): CodeIgniter\CodeIgniter->handleRequest(NULL, Object(Config\Cache), false)
#9 C:\xampp\htdocs\antzeincompany\public\index.php(37): CodeIgniter\CodeIgniter->run()
#10 C:\xampp\htdocs\antzeincompany\index.php(7): require_once('C:\\xampp\\htdocs...')
#11 {main}
ERROR - 2022-04-05 20:38:18 --> Column 'urutan' in field list is ambiguous
CRITICAL - 2022-04-05 20:38:18 --> Column 'urutan' in field list is ambiguous
#0 C:\xampp\htdocs\antzeincompany\system\Database\MySQLi\Connection.php(292): mysqli->query('SELECT `staff`....', 0)
#1 C:\xampp\htdocs\antzeincompany\system\Database\BaseConnection.php(670): CodeIgniter\Database\MySQLi\Connection->execute('SELECT `staff`....')
#2 C:\xampp\htdocs\antzeincompany\system\Database\BaseConnection.php(598): CodeIgniter\Database\BaseConnection->simpleQuery('SELECT `staff`....')
#3 C:\xampp\htdocs\antzeincompany\system\Database\BaseBuilder.php(1443): CodeIgniter\Database\BaseConnection->query('SELECT `staff`....', Array, false)
#4 C:\xampp\htdocs\antzeincompany\app\Models\Staff_model.php(21): CodeIgniter\Database\BaseBuilder->get()
#5 C:\xampp\htdocs\antzeincompany\app\Controllers\Admin\Staff.php(16): App\Models\Staff_model->listing()
#6 C:\xampp\htdocs\antzeincompany\system\CodeIgniter.php(824): App\Controllers\Admin\Staff->index()
#7 C:\xampp\htdocs\antzeincompany\system\CodeIgniter.php(410): CodeIgniter\CodeIgniter->runController(Object(App\Controllers\Admin\Staff))
#8 C:\xampp\htdocs\antzeincompany\system\CodeIgniter.php(318): CodeIgniter\CodeIgniter->handleRequest(NULL, Object(Config\Cache), false)
#9 C:\xampp\htdocs\antzeincompany\public\index.php(37): CodeIgniter\CodeIgniter->run()
#10 C:\xampp\htdocs\antzeincompany\index.php(7): require_once('C:\\xampp\\htdocs...')
#11 {main}
ERROR - 2022-04-05 20:38:23 --> Column 'urutan' in field list is ambiguous
CRITICAL - 2022-04-05 20:38:23 --> Column 'urutan' in field list is ambiguous
#0 C:\xampp\htdocs\antzeincompany\system\Database\MySQLi\Connection.php(292): mysqli->query('SELECT `staff`....', 0)
#1 C:\xampp\htdocs\antzeincompany\system\Database\BaseConnection.php(670): CodeIgniter\Database\MySQLi\Connection->execute('SELECT `staff`....')
#2 C:\xampp\htdocs\antzeincompany\system\Database\BaseConnection.php(598): CodeIgniter\Database\BaseConnection->simpleQuery('SELECT `staff`....')
#3 C:\xampp\htdocs\antzeincompany\system\Database\BaseBuilder.php(1443): CodeIgniter\Database\BaseConnection->query('SELECT `staff`....', Array, false)
#4 C:\xampp\htdocs\antzeincompany\app\Models\Staff_model.php(21): CodeIgniter\Database\BaseBuilder->get()
#5 C:\xampp\htdocs\antzeincompany\app\Controllers\Admin\Staff.php(16): App\Models\Staff_model->listing()
#6 C:\xampp\htdocs\antzeincompany\system\CodeIgniter.php(824): App\Controllers\Admin\Staff->index()
#7 C:\xampp\htdocs\antzeincompany\system\CodeIgniter.php(410): CodeIgniter\CodeIgniter->runController(Object(App\Controllers\Admin\Staff))
#8 C:\xampp\htdocs\antzeincompany\system\CodeIgniter.php(318): CodeIgniter\CodeIgniter->handleRequest(NULL, Object(Config\Cache), false)
#9 C:\xampp\htdocs\antzeincompany\public\index.php(37): CodeIgniter\CodeIgniter->run()
#10 C:\xampp\htdocs\antzeincompany\index.php(7): require_once('C:\\xampp\\htdocs...')
#11 {main}
