ERROR - 2022-04-11 08:23:49 --> Error connecting to the database: Access denied for user '****'@'localhost' (using password: YES)
CRITICAL - 2022-04-11 08:23:49 --> Unable to connect to the database.
Main connection [MySQLi]: Access denied for user '****'@'localhost' (using password: YES)
#0 C:\xampp\htdocs\antzcompany\system\Database\BaseConnection.php(577): CodeIgniter\Database\BaseConnection->initialize()
#1 C:\xampp\htdocs\antzcompany\system\Database\BaseBuilder.php(1443): CodeIgniter\Database\BaseConnection->query('SELECT *\nFROM `...', Array, false)
#2 C:\xampp\htdocs\antzcompany\system\Model.php(210): CodeIgniter\Database\BaseBuilder->get()
#3 C:\xampp\htdocs\antzcompany\system\BaseModel.php(622): CodeIgniter\Model->doFirst()
#4 C:\xampp\htdocs\antzcompany\app\Models\Konfigurasi_model.php(17): CodeIgniter\BaseModel->first()
#5 C:\xampp\htdocs\antzcompany\app\Controllers\Home.php(19): App\Models\Konfigurasi_model->listing()
#6 C:\xampp\htdocs\antzcompany\system\CodeIgniter.php(824): App\Controllers\Home->index()
#7 C:\xampp\htdocs\antzcompany\system\CodeIgniter.php(410): CodeIgniter\CodeIgniter->runController(Object(App\Controllers\Home))
#8 C:\xampp\htdocs\antzcompany\system\CodeIgniter.php(318): CodeIgniter\CodeIgniter->handleRequest(NULL, Object(Config\Cache), false)
#9 C:\xampp\htdocs\antzcompany\public\index.php(37): CodeIgniter\CodeIgniter->run()
#10 C:\xampp\htdocs\antzcompany\index.php(7): require_once('C:\\xampp\\htdocs...')
#11 {main}
ERROR - 2022-04-11 08:24:59 --> Error connecting to the database: Access denied for user '****'@'localhost' (using password: YES)
CRITICAL - 2022-04-11 08:24:59 --> Unable to connect to the database.
Main connection [MySQLi]: Access denied for user '****'@'localhost' (using password: YES)
#0 C:\xampp\htdocs\antzcompany\system\Database\BaseConnection.php(577): CodeIgniter\Database\BaseConnection->initialize()
#1 C:\xampp\htdocs\antzcompany\system\Database\BaseBuilder.php(1443): CodeIgniter\Database\BaseConnection->query('SELECT *\nFROM `...', Array, false)
#2 C:\xampp\htdocs\antzcompany\system\Model.php(210): CodeIgniter\Database\BaseBuilder->get()
#3 C:\xampp\htdocs\antzcompany\system\BaseModel.php(622): CodeIgniter\Model->doFirst()
#4 C:\xampp\htdocs\antzcompany\app\Models\Konfigurasi_model.php(17): CodeIgniter\BaseModel->first()
#5 C:\xampp\htdocs\antzcompany\app\Controllers\Home.php(19): App\Models\Konfigurasi_model->listing()
#6 C:\xampp\htdocs\antzcompany\system\CodeIgniter.php(824): App\Controllers\Home->index()
#7 C:\xampp\htdocs\antzcompany\system\CodeIgniter.php(410): CodeIgniter\CodeIgniter->runController(Object(App\Controllers\Home))
#8 C:\xampp\htdocs\antzcompany\system\CodeIgniter.php(318): CodeIgniter\CodeIgniter->handleRequest(NULL, Object(Config\Cache), false)
#9 C:\xampp\htdocs\antzcompany\public\index.php(37): CodeIgniter\CodeIgniter->run()
#10 C:\xampp\htdocs\antzcompany\index.php(7): require_once('C:\\xampp\\htdocs...')
#11 {main}
CRITICAL - 2022-04-11 08:28:13 --> The framework needs the following extension(s) installed and loaded: GD.
#0 C:\xampp\htdocs\antzeincompany\system\Images\Handlers\GDHandler.php(34): CodeIgniter\Exceptions\FrameworkException::forMissingExtension('GD')
#1 C:\xampp\htdocs\antzeincompany\system\Config\Services.php(312): CodeIgniter\Images\Handlers\GDHandler->__construct(Object(Config\Images))
#2 C:\xampp\htdocs\antzeincompany\system\Config\BaseService.php(248): CodeIgniter\Config\Services::image('gd', Object(Config\Images), false)
#3 C:\xampp\htdocs\antzeincompany\system\Config\BaseService.php(189): CodeIgniter\Config\BaseService::__callStatic('image', Array)
#4 C:\xampp\htdocs\antzeincompany\system\Config\Services.php(305): CodeIgniter\Config\BaseService::getSharedInstance('image', NULL, NULL)
#5 C:\xampp\htdocs\antzeincompany\system\Config\BaseService.php(248): CodeIgniter\Config\Services::image()
#6 C:\xampp\htdocs\antzeincompany\app\Controllers\Admin\BaseController.php(44): CodeIgniter\Config\BaseService::__callStatic('image', Array)
#7 C:\xampp\htdocs\antzeincompany\system\CodeIgniter.php(802): App\Controllers\Admin\BaseController->initController(Object(CodeIgniter\HTTP\IncomingRequest), Object(CodeIgniter\HTTP\Response), Object(CodeIgniter\Log\Logger))
#8 C:\xampp\htdocs\antzeincompany\system\CodeIgniter.php(401): CodeIgniter\CodeIgniter->createController()
#9 C:\xampp\htdocs\antzeincompany\system\CodeIgniter.php(318): CodeIgniter\CodeIgniter->handleRequest(NULL, Object(Config\Cache), false)
#10 C:\xampp\htdocs\antzeincompany\public\index.php(37): CodeIgniter\CodeIgniter->run()
#11 C:\xampp\htdocs\antzeincompany\index.php(7): require_once('C:\\xampp\\htdocs...')
#12 {main}
CRITICAL - 2022-04-11 08:32:36 --> The framework needs the following extension(s) installed and loaded: GD.
#0 C:\xampp\htdocs\antzeincompany\system\Images\Handlers\GDHandler.php(34): CodeIgniter\Exceptions\FrameworkException::forMissingExtension('GD')
#1 C:\xampp\htdocs\antzeincompany\system\Config\Services.php(312): CodeIgniter\Images\Handlers\GDHandler->__construct(Object(Config\Images))
#2 C:\xampp\htdocs\antzeincompany\system\Config\BaseService.php(248): CodeIgniter\Config\Services::image('gd', Object(Config\Images), false)
#3 C:\xampp\htdocs\antzeincompany\system\Config\BaseService.php(189): CodeIgniter\Config\BaseService::__callStatic('image', Array)
#4 C:\xampp\htdocs\antzeincompany\system\Config\Services.php(305): CodeIgniter\Config\BaseService::getSharedInstance('image', NULL, NULL)
#5 C:\xampp\htdocs\antzeincompany\system\Config\BaseService.php(248): CodeIgniter\Config\Services::image()
#6 C:\xampp\htdocs\antzeincompany\app\Controllers\Admin\BaseController.php(44): CodeIgniter\Config\BaseService::__callStatic('image', Array)
#7 C:\xampp\htdocs\antzeincompany\system\CodeIgniter.php(802): App\Controllers\Admin\BaseController->initController(Object(CodeIgniter\HTTP\IncomingRequest), Object(CodeIgniter\HTTP\Response), Object(CodeIgniter\Log\Logger))
#8 C:\xampp\htdocs\antzeincompany\system\CodeIgniter.php(401): CodeIgniter\CodeIgniter->createController()
#9 C:\xampp\htdocs\antzeincompany\system\CodeIgniter.php(318): CodeIgniter\CodeIgniter->handleRequest(NULL, Object(Config\Cache), false)
#10 C:\xampp\htdocs\antzeincompany\public\index.php(37): CodeIgniter\CodeIgniter->run()
#11 C:\xampp\htdocs\antzeincompany\index.php(7): require_once('C:\\xampp\\htdocs...')
#12 {main}
CRITICAL - 2022-04-11 08:32:49 --> The framework needs the following extension(s) installed and loaded: GD.
#0 C:\xampp\htdocs\antzeincompany\system\Images\Handlers\GDHandler.php(34): CodeIgniter\Exceptions\FrameworkException::forMissingExtension('GD')
#1 C:\xampp\htdocs\antzeincompany\system\Config\Services.php(312): CodeIgniter\Images\Handlers\GDHandler->__construct(Object(Config\Images))
#2 C:\xampp\htdocs\antzeincompany\system\Config\BaseService.php(248): CodeIgniter\Config\Services::image('gd', Object(Config\Images), false)
#3 C:\xampp\htdocs\antzeincompany\system\Config\BaseService.php(189): CodeIgniter\Config\BaseService::__callStatic('image', Array)
#4 C:\xampp\htdocs\antzeincompany\system\Config\Services.php(305): CodeIgniter\Config\BaseService::getSharedInstance('image', NULL, NULL)
#5 C:\xampp\htdocs\antzeincompany\system\Config\BaseService.php(248): CodeIgniter\Config\Services::image()
#6 C:\xampp\htdocs\antzeincompany\app\Controllers\Admin\BaseController.php(44): CodeIgniter\Config\BaseService::__callStatic('image', Array)
#7 C:\xampp\htdocs\antzeincompany\system\CodeIgniter.php(802): App\Controllers\Admin\BaseController->initController(Object(CodeIgniter\HTTP\IncomingRequest), Object(CodeIgniter\HTTP\Response), Object(CodeIgniter\Log\Logger))
#8 C:\xampp\htdocs\antzeincompany\system\CodeIgniter.php(401): CodeIgniter\CodeIgniter->createController()
#9 C:\xampp\htdocs\antzeincompany\system\CodeIgniter.php(318): CodeIgniter\CodeIgniter->handleRequest(NULL, Object(Config\Cache), false)
#10 C:\xampp\htdocs\antzeincompany\public\index.php(37): CodeIgniter\CodeIgniter->run()
#11 C:\xampp\htdocs\antzeincompany\index.php(7): require_once('C:\\xampp\\htdocs...')
#12 {main}
CRITICAL - 2022-04-11 08:34:30 --> The framework needs the following extension(s) installed and loaded: GD.
#0 C:\xampp\htdocs\antzeincompany\system\Images\Handlers\GDHandler.php(34): CodeIgniter\Exceptions\FrameworkException::forMissingExtension('GD')
#1 C:\xampp\htdocs\antzeincompany\system\Config\Services.php(312): CodeIgniter\Images\Handlers\GDHandler->__construct(Object(Config\Images))
#2 C:\xampp\htdocs\antzeincompany\system\Config\BaseService.php(248): CodeIgniter\Config\Services::image('gd', Object(Config\Images), false)
#3 C:\xampp\htdocs\antzeincompany\system\Config\BaseService.php(189): CodeIgniter\Config\BaseService::__callStatic('image', Array)
#4 C:\xampp\htdocs\antzeincompany\system\Config\Services.php(305): CodeIgniter\Config\BaseService::getSharedInstance('image', NULL, NULL)
#5 C:\xampp\htdocs\antzeincompany\system\Config\BaseService.php(248): CodeIgniter\Config\Services::image()
#6 C:\xampp\htdocs\antzeincompany\app\Controllers\Admin\BaseController.php(44): CodeIgniter\Config\BaseService::__callStatic('image', Array)
#7 C:\xampp\htdocs\antzeincompany\system\CodeIgniter.php(802): App\Controllers\Admin\BaseController->initController(Object(CodeIgniter\HTTP\IncomingRequest), Object(CodeIgniter\HTTP\Response), Object(CodeIgniter\Log\Logger))
#8 C:\xampp\htdocs\antzeincompany\system\CodeIgniter.php(401): CodeIgniter\CodeIgniter->createController()
#9 C:\xampp\htdocs\antzeincompany\system\CodeIgniter.php(318): CodeIgniter\CodeIgniter->handleRequest(NULL, Object(Config\Cache), false)
#10 C:\xampp\htdocs\antzeincompany\public\index.php(37): CodeIgniter\CodeIgniter->run()
#11 C:\xampp\htdocs\antzeincompany\index.php(7): require_once('C:\\xampp\\htdocs...')
#12 {main}
ERROR - 2022-04-11 19:56:35 --> Error connecting to the database: Access denied for user '****'@'localhost' (using password: NO)
CRITICAL - 2022-04-11 19:56:35 --> Unable to connect to the database.
Main connection [MySQLi]: Access denied for user '****'@'localhost' (using password: NO)
#0 C:\xampp\htdocs\antzeincompany\system\Database\BaseConnection.php(577): CodeIgniter\Database\BaseConnection->initialize()
#1 C:\xampp\htdocs\antzeincompany\system\Database\BaseBuilder.php(1443): CodeIgniter\Database\BaseConnection->query('SELECT *\nFROM `...', Array, false)
#2 C:\xampp\htdocs\antzeincompany\system\Model.php(210): CodeIgniter\Database\BaseBuilder->get()
#3 C:\xampp\htdocs\antzeincompany\system\BaseModel.php(622): CodeIgniter\Model->doFirst()
#4 C:\xampp\htdocs\antzeincompany\app\Models\Konfigurasi_model.php(17): CodeIgniter\BaseModel->first()
#5 C:\xampp\htdocs\antzeincompany\app\Controllers\Home.php(19): App\Models\Konfigurasi_model->listing()
#6 C:\xampp\htdocs\antzeincompany\system\CodeIgniter.php(824): App\Controllers\Home->index()
#7 C:\xampp\htdocs\antzeincompany\system\CodeIgniter.php(410): CodeIgniter\CodeIgniter->runController(Object(App\Controllers\Home))
#8 C:\xampp\htdocs\antzeincompany\system\CodeIgniter.php(318): CodeIgniter\CodeIgniter->handleRequest(NULL, Object(Config\Cache), false)
#9 C:\xampp\htdocs\antzeincompany\public\index.php(37): CodeIgniter\CodeIgniter->run()
#10 C:\xampp\htdocs\antzeincompany\index.php(7): require_once('C:\\xampp\\htdocs...')
#11 {main}
ERROR - 2022-04-11 20:00:14 --> Error connecting to the database: Unknown database 'antzeincompany'
CRITICAL - 2022-04-11 20:00:14 --> Unable to connect to the database.
Main connection [MySQLi]: Unknown database 'antzeincompany'
#0 C:\xampp\htdocs\antzeincompany\system\Database\BaseConnection.php(577): CodeIgniter\Database\BaseConnection->initialize()
#1 C:\xampp\htdocs\antzeincompany\system\Database\BaseBuilder.php(1443): CodeIgniter\Database\BaseConnection->query('SELECT *\nFROM `...', Array, false)
#2 C:\xampp\htdocs\antzeincompany\system\Model.php(210): CodeIgniter\Database\BaseBuilder->get()
#3 C:\xampp\htdocs\antzeincompany\system\BaseModel.php(622): CodeIgniter\Model->doFirst()
#4 C:\xampp\htdocs\antzeincompany\app\Models\Konfigurasi_model.php(17): CodeIgniter\BaseModel->first()
#5 C:\xampp\htdocs\antzeincompany\app\Controllers\Home.php(19): App\Models\Konfigurasi_model->listing()
#6 C:\xampp\htdocs\antzeincompany\system\CodeIgniter.php(824): App\Controllers\Home->index()
#7 C:\xampp\htdocs\antzeincompany\system\CodeIgniter.php(410): CodeIgniter\CodeIgniter->runController(Object(App\Controllers\Home))
#8 C:\xampp\htdocs\antzeincompany\system\CodeIgniter.php(318): CodeIgniter\CodeIgniter->handleRequest(NULL, Object(Config\Cache), false)
#9 C:\xampp\htdocs\antzeincompany\public\index.php(37): CodeIgniter\CodeIgniter->run()
#10 C:\xampp\htdocs\antzeincompany\index.php(7): require_once('C:\\xampp\\htdocs...')
#11 {main}
