CRITICAL - 2022-04-01 22:43:03 --> The framework needs the following extension(s) installed and loaded: GD.
#0 C:\xampp\htdocs\antzeincompany\system\Images\Handlers\GDHandler.php(34): CodeIgniter\Exceptions\FrameworkException::forMissingExtension('GD')
#1 C:\xampp\htdocs\antzeincompany\system\Config\Services.php(312): CodeIgniter\Images\Handlers\GDHandler->__construct(Object(Config\Images))
#2 C:\xampp\htdocs\antzeincompany\system\Config\BaseService.php(248): CodeIgniter\Config\Services::image('gd', Object(Config\Images), false)
#3 C:\xampp\htdocs\antzeincompany\system\Config\BaseService.php(189): CodeIgniter\Config\BaseService::__callStatic('image', Array)
#4 C:\xampp\htdocs\antzeincompany\system\Config\Services.php(305): CodeIgniter\Config\BaseService::getSharedInstance('image', NULL, NULL)
#5 C:\xampp\htdocs\antzeincompany\system\Config\BaseService.php(248): CodeIgniter\Config\Services::image()
#6 C:\xampp\htdocs\antzeincompany\app\Controllers\Admin\BaseController.php(44): CodeIgniter\Config\BaseService::__callStatic('image', Array)
#7 C:\xampp\htdocs\antzeincompany\system\CodeIgniter.php(802): App\Controllers\Admin\BaseController->initController(Object(CodeIgniter\HTTP\IncomingRequest), Object(CodeIgniter\HTTP\Response), Object(CodeIgniter\Log\Logger))
#8 C:\xampp\htdocs\antzeincompany\system\CodeIgniter.php(401): CodeIgniter\CodeIgniter->createController()
#9 C:\xampp\htdocs\antzeincompany\system\CodeIgniter.php(318): CodeIgniter\CodeIgniter->handleRequest(NULL, Object(Config\Cache), false)
#10 C:\xampp\htdocs\antzeincompany\public\index.php(37): CodeIgniter\CodeIgniter->run()
#11 C:\xampp\htdocs\antzeincompany\index.php(7): require_once('C:\\xampp\\htdocs...')
#12 {main}
CRITICAL - 2022-04-01 22:43:19 --> The framework needs the following extension(s) installed and loaded: GD.
#0 C:\xampp\htdocs\antzeincompany\system\Images\Handlers\GDHandler.php(34): CodeIgniter\Exceptions\FrameworkException::forMissingExtension('GD')
#1 C:\xampp\htdocs\antzeincompany\system\Config\Services.php(312): CodeIgniter\Images\Handlers\GDHandler->__construct(Object(Config\Images))
#2 C:\xampp\htdocs\antzeincompany\system\Config\BaseService.php(248): CodeIgniter\Config\Services::image('gd', Object(Config\Images), false)
#3 C:\xampp\htdocs\antzeincompany\system\Config\BaseService.php(189): CodeIgniter\Config\BaseService::__callStatic('image', Array)
#4 C:\xampp\htdocs\antzeincompany\system\Config\Services.php(305): CodeIgniter\Config\BaseService::getSharedInstance('image', NULL, NULL)
#5 C:\xampp\htdocs\antzeincompany\system\Config\BaseService.php(248): CodeIgniter\Config\Services::image()
#6 C:\xampp\htdocs\antzeincompany\app\Controllers\Admin\BaseController.php(44): CodeIgniter\Config\BaseService::__callStatic('image', Array)
#7 C:\xampp\htdocs\antzeincompany\system\CodeIgniter.php(802): App\Controllers\Admin\BaseController->initController(Object(CodeIgniter\HTTP\IncomingRequest), Object(CodeIgniter\HTTP\Response), Object(CodeIgniter\Log\Logger))
#8 C:\xampp\htdocs\antzeincompany\system\CodeIgniter.php(401): CodeIgniter\CodeIgniter->createController()
#9 C:\xampp\htdocs\antzeincompany\system\CodeIgniter.php(318): CodeIgniter\CodeIgniter->handleRequest(NULL, Object(Config\Cache), false)
#10 C:\xampp\htdocs\antzeincompany\public\index.php(37): CodeIgniter\CodeIgniter->run()
#11 C:\xampp\htdocs\antzeincompany\index.php(7): require_once('C:\\xampp\\htdocs...')
#12 {main}
CRITICAL - 2022-04-01 22:43:49 --> The framework needs the following extension(s) installed and loaded: GD.
#0 C:\xampp\htdocs\antzeincompany\system\Images\Handlers\GDHandler.php(34): CodeIgniter\Exceptions\FrameworkException::forMissingExtension('GD')
#1 C:\xampp\htdocs\antzeincompany\system\Config\Services.php(312): CodeIgniter\Images\Handlers\GDHandler->__construct(Object(Config\Images))
#2 C:\xampp\htdocs\antzeincompany\system\Config\BaseService.php(248): CodeIgniter\Config\Services::image('gd', Object(Config\Images), false)
#3 C:\xampp\htdocs\antzeincompany\system\Config\BaseService.php(189): CodeIgniter\Config\BaseService::__callStatic('image', Array)
#4 C:\xampp\htdocs\antzeincompany\system\Config\Services.php(305): CodeIgniter\Config\BaseService::getSharedInstance('image', NULL, NULL)
#5 C:\xampp\htdocs\antzeincompany\system\Config\BaseService.php(248): CodeIgniter\Config\Services::image()
#6 C:\xampp\htdocs\antzeincompany\app\Controllers\Admin\BaseController.php(44): CodeIgniter\Config\BaseService::__callStatic('image', Array)
#7 C:\xampp\htdocs\antzeincompany\system\CodeIgniter.php(802): App\Controllers\Admin\BaseController->initController(Object(CodeIgniter\HTTP\IncomingRequest), Object(CodeIgniter\HTTP\Response), Object(CodeIgniter\Log\Logger))
#8 C:\xampp\htdocs\antzeincompany\system\CodeIgniter.php(401): CodeIgniter\CodeIgniter->createController()
#9 C:\xampp\htdocs\antzeincompany\system\CodeIgniter.php(318): CodeIgniter\CodeIgniter->handleRequest(NULL, Object(Config\Cache), false)
#10 C:\xampp\htdocs\antzeincompany\public\index.php(37): CodeIgniter\CodeIgniter->run()
#11 C:\xampp\htdocs\antzeincompany\index.php(7): require_once('C:\\xampp\\htdocs...')
#12 {main}
CRITICAL - 2022-04-01 22:44:35 --> The framework needs the following extension(s) installed and loaded: GD.
#0 C:\xampp\htdocs\antzeincompany\system\Images\Handlers\GDHandler.php(34): CodeIgniter\Exceptions\FrameworkException::forMissingExtension('GD')
#1 C:\xampp\htdocs\antzeincompany\system\Config\Services.php(312): CodeIgniter\Images\Handlers\GDHandler->__construct(Object(Config\Images))
#2 C:\xampp\htdocs\antzeincompany\system\Config\BaseService.php(248): CodeIgniter\Config\Services::image('gd', Object(Config\Images), false)
#3 C:\xampp\htdocs\antzeincompany\system\Config\BaseService.php(189): CodeIgniter\Config\BaseService::__callStatic('image', Array)
#4 C:\xampp\htdocs\antzeincompany\system\Config\Services.php(305): CodeIgniter\Config\BaseService::getSharedInstance('image', NULL, NULL)
#5 C:\xampp\htdocs\antzeincompany\system\Config\BaseService.php(248): CodeIgniter\Config\Services::image()
#6 C:\xampp\htdocs\antzeincompany\app\Controllers\Admin\BaseController.php(44): CodeIgniter\Config\BaseService::__callStatic('image', Array)
#7 C:\xampp\htdocs\antzeincompany\system\CodeIgniter.php(802): App\Controllers\Admin\BaseController->initController(Object(CodeIgniter\HTTP\IncomingRequest), Object(CodeIgniter\HTTP\Response), Object(CodeIgniter\Log\Logger))
#8 C:\xampp\htdocs\antzeincompany\system\CodeIgniter.php(401): CodeIgniter\CodeIgniter->createController()
#9 C:\xampp\htdocs\antzeincompany\system\CodeIgniter.php(318): CodeIgniter\CodeIgniter->handleRequest(NULL, Object(Config\Cache), false)
#10 C:\xampp\htdocs\antzeincompany\public\index.php(37): CodeIgniter\CodeIgniter->run()
#11 C:\xampp\htdocs\antzeincompany\index.php(7): require_once('C:\\xampp\\htdocs...')
#12 {main}
CRITICAL - 2022-04-01 22:45:42 --> The framework needs the following extension(s) installed and loaded: GD.
#0 C:\xampp\htdocs\antzeincompany\system\Images\Handlers\GDHandler.php(34): CodeIgniter\Exceptions\FrameworkException::forMissingExtension('GD')
#1 C:\xampp\htdocs\antzeincompany\system\Config\Services.php(312): CodeIgniter\Images\Handlers\GDHandler->__construct(Object(Config\Images))
#2 C:\xampp\htdocs\antzeincompany\system\Config\BaseService.php(248): CodeIgniter\Config\Services::image('gd', Object(Config\Images), false)
#3 C:\xampp\htdocs\antzeincompany\system\Config\BaseService.php(189): CodeIgniter\Config\BaseService::__callStatic('image', Array)
#4 C:\xampp\htdocs\antzeincompany\system\Config\Services.php(305): CodeIgniter\Config\BaseService::getSharedInstance('image', NULL, NULL)
#5 C:\xampp\htdocs\antzeincompany\system\Config\BaseService.php(248): CodeIgniter\Config\Services::image()
#6 C:\xampp\htdocs\antzeincompany\app\Controllers\Admin\BaseController.php(44): CodeIgniter\Config\BaseService::__callStatic('image', Array)
#7 C:\xampp\htdocs\antzeincompany\system\CodeIgniter.php(802): App\Controllers\Admin\BaseController->initController(Object(CodeIgniter\HTTP\IncomingRequest), Object(CodeIgniter\HTTP\Response), Object(CodeIgniter\Log\Logger))
#8 C:\xampp\htdocs\antzeincompany\system\CodeIgniter.php(401): CodeIgniter\CodeIgniter->createController()
#9 C:\xampp\htdocs\antzeincompany\system\CodeIgniter.php(318): CodeIgniter\CodeIgniter->handleRequest(NULL, Object(Config\Cache), false)
#10 C:\xampp\htdocs\antzeincompany\public\index.php(37): CodeIgniter\CodeIgniter->run()
#11 C:\xampp\htdocs\antzeincompany\index.php(7): require_once('C:\\xampp\\htdocs...')
#12 {main}
CRITICAL - 2022-04-01 22:45:49 --> The framework needs the following extension(s) installed and loaded: GD.
#0 C:\xampp\htdocs\antzeincompany\system\Images\Handlers\GDHandler.php(34): CodeIgniter\Exceptions\FrameworkException::forMissingExtension('GD')
#1 C:\xampp\htdocs\antzeincompany\system\Config\Services.php(312): CodeIgniter\Images\Handlers\GDHandler->__construct(Object(Config\Images))
#2 C:\xampp\htdocs\antzeincompany\system\Config\BaseService.php(248): CodeIgniter\Config\Services::image('gd', Object(Config\Images), false)
#3 C:\xampp\htdocs\antzeincompany\system\Config\BaseService.php(189): CodeIgniter\Config\BaseService::__callStatic('image', Array)
#4 C:\xampp\htdocs\antzeincompany\system\Config\Services.php(305): CodeIgniter\Config\BaseService::getSharedInstance('image', NULL, NULL)
#5 C:\xampp\htdocs\antzeincompany\system\Config\BaseService.php(248): CodeIgniter\Config\Services::image()
#6 C:\xampp\htdocs\antzeincompany\app\Controllers\Admin\BaseController.php(44): CodeIgniter\Config\BaseService::__callStatic('image', Array)
#7 C:\xampp\htdocs\antzeincompany\system\CodeIgniter.php(802): App\Controllers\Admin\BaseController->initController(Object(CodeIgniter\HTTP\IncomingRequest), Object(CodeIgniter\HTTP\Response), Object(CodeIgniter\Log\Logger))
#8 C:\xampp\htdocs\antzeincompany\system\CodeIgniter.php(401): CodeIgniter\CodeIgniter->createController()
#9 C:\xampp\htdocs\antzeincompany\system\CodeIgniter.php(318): CodeIgniter\CodeIgniter->handleRequest(NULL, Object(Config\Cache), false)
#10 C:\xampp\htdocs\antzeincompany\public\index.php(37): CodeIgniter\CodeIgniter->run()
#11 C:\xampp\htdocs\antzeincompany\index.php(7): require_once('C:\\xampp\\htdocs...')
#12 {main}
CRITICAL - 2022-04-01 22:45:59 --> The framework needs the following extension(s) installed and loaded: GD.
#0 C:\xampp\htdocs\antzeincompany\system\Images\Handlers\GDHandler.php(34): CodeIgniter\Exceptions\FrameworkException::forMissingExtension('GD')
#1 C:\xampp\htdocs\antzeincompany\system\Config\Services.php(312): CodeIgniter\Images\Handlers\GDHandler->__construct(Object(Config\Images))
#2 C:\xampp\htdocs\antzeincompany\system\Config\BaseService.php(248): CodeIgniter\Config\Services::image('gd', Object(Config\Images), false)
#3 C:\xampp\htdocs\antzeincompany\system\Config\BaseService.php(189): CodeIgniter\Config\BaseService::__callStatic('image', Array)
#4 C:\xampp\htdocs\antzeincompany\system\Config\Services.php(305): CodeIgniter\Config\BaseService::getSharedInstance('image', NULL, NULL)
#5 C:\xampp\htdocs\antzeincompany\system\Config\BaseService.php(248): CodeIgniter\Config\Services::image()
#6 C:\xampp\htdocs\antzeincompany\app\Controllers\Admin\BaseController.php(44): CodeIgniter\Config\BaseService::__callStatic('image', Array)
#7 C:\xampp\htdocs\antzeincompany\system\CodeIgniter.php(802): App\Controllers\Admin\BaseController->initController(Object(CodeIgniter\HTTP\IncomingRequest), Object(CodeIgniter\HTTP\Response), Object(CodeIgniter\Log\Logger))
#8 C:\xampp\htdocs\antzeincompany\system\CodeIgniter.php(401): CodeIgniter\CodeIgniter->createController()
#9 C:\xampp\htdocs\antzeincompany\system\CodeIgniter.php(318): CodeIgniter\CodeIgniter->handleRequest(NULL, Object(Config\Cache), false)
#10 C:\xampp\htdocs\antzeincompany\public\index.php(37): CodeIgniter\CodeIgniter->run()
#11 C:\xampp\htdocs\antzeincompany\index.php(7): require_once('C:\\xampp\\htdocs...')
#12 {main}
CRITICAL - 2022-04-01 22:46:16 --> The framework needs the following extension(s) installed and loaded: GD.
#0 C:\xampp\htdocs\antzeincompany\system\Images\Handlers\GDHandler.php(34): CodeIgniter\Exceptions\FrameworkException::forMissingExtension('GD')
#1 C:\xampp\htdocs\antzeincompany\system\Config\Services.php(312): CodeIgniter\Images\Handlers\GDHandler->__construct(Object(Config\Images))
#2 C:\xampp\htdocs\antzeincompany\system\Config\BaseService.php(248): CodeIgniter\Config\Services::image('gd', Object(Config\Images), false)
#3 C:\xampp\htdocs\antzeincompany\system\Config\BaseService.php(189): CodeIgniter\Config\BaseService::__callStatic('image', Array)
#4 C:\xampp\htdocs\antzeincompany\system\Config\Services.php(305): CodeIgniter\Config\BaseService::getSharedInstance('image', NULL, NULL)
#5 C:\xampp\htdocs\antzeincompany\system\Config\BaseService.php(248): CodeIgniter\Config\Services::image()
#6 C:\xampp\htdocs\antzeincompany\app\Controllers\Admin\BaseController.php(44): CodeIgniter\Config\BaseService::__callStatic('image', Array)
#7 C:\xampp\htdocs\antzeincompany\system\CodeIgniter.php(802): App\Controllers\Admin\BaseController->initController(Object(CodeIgniter\HTTP\IncomingRequest), Object(CodeIgniter\HTTP\Response), Object(CodeIgniter\Log\Logger))
#8 C:\xampp\htdocs\antzeincompany\system\CodeIgniter.php(401): CodeIgniter\CodeIgniter->createController()
#9 C:\xampp\htdocs\antzeincompany\system\CodeIgniter.php(318): CodeIgniter\CodeIgniter->handleRequest(NULL, Object(Config\Cache), false)
#10 C:\xampp\htdocs\antzeincompany\public\index.php(37): CodeIgniter\CodeIgniter->run()
#11 C:\xampp\htdocs\antzeincompany\index.php(7): require_once('C:\\xampp\\htdocs...')
#12 {main}
CRITICAL - 2022-04-01 22:46:37 --> The framework needs the following extension(s) installed and loaded: GD.
#0 C:\xampp\htdocs\antzeincompany\system\Images\Handlers\GDHandler.php(34): CodeIgniter\Exceptions\FrameworkException::forMissingExtension('GD')
#1 C:\xampp\htdocs\antzeincompany\system\Config\Services.php(312): CodeIgniter\Images\Handlers\GDHandler->__construct(Object(Config\Images))
#2 C:\xampp\htdocs\antzeincompany\system\Config\BaseService.php(248): CodeIgniter\Config\Services::image('gd', Object(Config\Images), false)
#3 C:\xampp\htdocs\antzeincompany\system\Config\BaseService.php(189): CodeIgniter\Config\BaseService::__callStatic('image', Array)
#4 C:\xampp\htdocs\antzeincompany\system\Config\Services.php(305): CodeIgniter\Config\BaseService::getSharedInstance('image', NULL, NULL)
#5 C:\xampp\htdocs\antzeincompany\system\Config\BaseService.php(248): CodeIgniter\Config\Services::image()
#6 C:\xampp\htdocs\antzeincompany\app\Controllers\Admin\BaseController.php(44): CodeIgniter\Config\BaseService::__callStatic('image', Array)
#7 C:\xampp\htdocs\antzeincompany\system\CodeIgniter.php(802): App\Controllers\Admin\BaseController->initController(Object(CodeIgniter\HTTP\IncomingRequest), Object(CodeIgniter\HTTP\Response), Object(CodeIgniter\Log\Logger))
#8 C:\xampp\htdocs\antzeincompany\system\CodeIgniter.php(401): CodeIgniter\CodeIgniter->createController()
#9 C:\xampp\htdocs\antzeincompany\system\CodeIgniter.php(318): CodeIgniter\CodeIgniter->handleRequest(NULL, Object(Config\Cache), false)
#10 C:\xampp\htdocs\antzeincompany\public\index.php(37): CodeIgniter\CodeIgniter->run()
#11 C:\xampp\htdocs\antzeincompany\index.php(7): require_once('C:\\xampp\\htdocs...')
#12 {main}
CRITICAL - 2022-04-01 22:46:49 --> The framework needs the following extension(s) installed and loaded: GD.
#0 C:\xampp\htdocs\antzeincompany\system\Images\Handlers\GDHandler.php(34): CodeIgniter\Exceptions\FrameworkException::forMissingExtension('GD')
#1 C:\xampp\htdocs\antzeincompany\system\Config\Services.php(312): CodeIgniter\Images\Handlers\GDHandler->__construct(Object(Config\Images))
#2 C:\xampp\htdocs\antzeincompany\system\Config\BaseService.php(248): CodeIgniter\Config\Services::image('gd', Object(Config\Images), false)
#3 C:\xampp\htdocs\antzeincompany\system\Config\BaseService.php(189): CodeIgniter\Config\BaseService::__callStatic('image', Array)
#4 C:\xampp\htdocs\antzeincompany\system\Config\Services.php(305): CodeIgniter\Config\BaseService::getSharedInstance('image', NULL, NULL)
#5 C:\xampp\htdocs\antzeincompany\system\Config\BaseService.php(248): CodeIgniter\Config\Services::image()
#6 C:\xampp\htdocs\antzeincompany\app\Controllers\Admin\BaseController.php(44): CodeIgniter\Config\BaseService::__callStatic('image', Array)
#7 C:\xampp\htdocs\antzeincompany\system\CodeIgniter.php(802): App\Controllers\Admin\BaseController->initController(Object(CodeIgniter\HTTP\IncomingRequest), Object(CodeIgniter\HTTP\Response), Object(CodeIgniter\Log\Logger))
#8 C:\xampp\htdocs\antzeincompany\system\CodeIgniter.php(401): CodeIgniter\CodeIgniter->createController()
#9 C:\xampp\htdocs\antzeincompany\system\CodeIgniter.php(318): CodeIgniter\CodeIgniter->handleRequest(NULL, Object(Config\Cache), false)
#10 C:\xampp\htdocs\antzeincompany\public\index.php(37): CodeIgniter\CodeIgniter->run()
#11 C:\xampp\htdocs\antzeincompany\index.php(7): require_once('C:\\xampp\\htdocs...')
#12 {main}
CRITICAL - 2022-04-01 22:47:43 --> The framework needs the following extension(s) installed and loaded: GD.
#0 C:\xampp\htdocs\antzeincompany\system\Images\Handlers\GDHandler.php(34): CodeIgniter\Exceptions\FrameworkException::forMissingExtension('GD')
#1 C:\xampp\htdocs\antzeincompany\system\Config\Services.php(312): CodeIgniter\Images\Handlers\GDHandler->__construct(Object(Config\Images))
#2 C:\xampp\htdocs\antzeincompany\system\Config\BaseService.php(248): CodeIgniter\Config\Services::image('gd', Object(Config\Images), false)
#3 C:\xampp\htdocs\antzeincompany\system\Config\BaseService.php(189): CodeIgniter\Config\BaseService::__callStatic('image', Array)
#4 C:\xampp\htdocs\antzeincompany\system\Config\Services.php(305): CodeIgniter\Config\BaseService::getSharedInstance('image', NULL, NULL)
#5 C:\xampp\htdocs\antzeincompany\system\Config\BaseService.php(248): CodeIgniter\Config\Services::image()
#6 C:\xampp\htdocs\antzeincompany\app\Controllers\Admin\BaseController.php(44): CodeIgniter\Config\BaseService::__callStatic('image', Array)
#7 C:\xampp\htdocs\antzeincompany\system\CodeIgniter.php(802): App\Controllers\Admin\BaseController->initController(Object(CodeIgniter\HTTP\IncomingRequest), Object(CodeIgniter\HTTP\Response), Object(CodeIgniter\Log\Logger))
#8 C:\xampp\htdocs\antzeincompany\system\CodeIgniter.php(401): CodeIgniter\CodeIgniter->createController()
#9 C:\xampp\htdocs\antzeincompany\system\CodeIgniter.php(318): CodeIgniter\CodeIgniter->handleRequest(NULL, Object(Config\Cache), false)
#10 C:\xampp\htdocs\antzeincompany\public\index.php(37): CodeIgniter\CodeIgniter->run()
#11 C:\xampp\htdocs\antzeincompany\index.php(7): require_once('C:\\xampp\\htdocs...')
#12 {main}
CRITICAL - 2022-04-01 22:47:44 --> The framework needs the following extension(s) installed and loaded: GD.
#0 C:\xampp\htdocs\antzeincompany\system\Images\Handlers\GDHandler.php(34): CodeIgniter\Exceptions\FrameworkException::forMissingExtension('GD')
#1 C:\xampp\htdocs\antzeincompany\system\Config\Services.php(312): CodeIgniter\Images\Handlers\GDHandler->__construct(Object(Config\Images))
#2 C:\xampp\htdocs\antzeincompany\system\Config\BaseService.php(248): CodeIgniter\Config\Services::image('gd', Object(Config\Images), false)
#3 C:\xampp\htdocs\antzeincompany\system\Config\BaseService.php(189): CodeIgniter\Config\BaseService::__callStatic('image', Array)
#4 C:\xampp\htdocs\antzeincompany\system\Config\Services.php(305): CodeIgniter\Config\BaseService::getSharedInstance('image', NULL, NULL)
#5 C:\xampp\htdocs\antzeincompany\system\Config\BaseService.php(248): CodeIgniter\Config\Services::image()
#6 C:\xampp\htdocs\antzeincompany\app\Controllers\Admin\BaseController.php(44): CodeIgniter\Config\BaseService::__callStatic('image', Array)
#7 C:\xampp\htdocs\antzeincompany\system\CodeIgniter.php(802): App\Controllers\Admin\BaseController->initController(Object(CodeIgniter\HTTP\IncomingRequest), Object(CodeIgniter\HTTP\Response), Object(CodeIgniter\Log\Logger))
#8 C:\xampp\htdocs\antzeincompany\system\CodeIgniter.php(401): CodeIgniter\CodeIgniter->createController()
#9 C:\xampp\htdocs\antzeincompany\system\CodeIgniter.php(318): CodeIgniter\CodeIgniter->handleRequest(NULL, Object(Config\Cache), false)
#10 C:\xampp\htdocs\antzeincompany\public\index.php(37): CodeIgniter\CodeIgniter->run()
#11 C:\xampp\htdocs\antzeincompany\index.php(7): require_once('C:\\xampp\\htdocs...')
#12 {main}
CRITICAL - 2022-04-01 22:47:48 --> The framework needs the following extension(s) installed and loaded: GD.
#0 C:\xampp\htdocs\antzeincompany\system\Images\Handlers\GDHandler.php(34): CodeIgniter\Exceptions\FrameworkException::forMissingExtension('GD')
#1 C:\xampp\htdocs\antzeincompany\system\Config\Services.php(312): CodeIgniter\Images\Handlers\GDHandler->__construct(Object(Config\Images))
#2 C:\xampp\htdocs\antzeincompany\system\Config\BaseService.php(248): CodeIgniter\Config\Services::image('gd', Object(Config\Images), false)
#3 C:\xampp\htdocs\antzeincompany\system\Config\BaseService.php(189): CodeIgniter\Config\BaseService::__callStatic('image', Array)
#4 C:\xampp\htdocs\antzeincompany\system\Config\Services.php(305): CodeIgniter\Config\BaseService::getSharedInstance('image', NULL, NULL)
#5 C:\xampp\htdocs\antzeincompany\system\Config\BaseService.php(248): CodeIgniter\Config\Services::image()
#6 C:\xampp\htdocs\antzeincompany\app\Controllers\Admin\BaseController.php(44): CodeIgniter\Config\BaseService::__callStatic('image', Array)
#7 C:\xampp\htdocs\antzeincompany\system\CodeIgniter.php(802): App\Controllers\Admin\BaseController->initController(Object(CodeIgniter\HTTP\IncomingRequest), Object(CodeIgniter\HTTP\Response), Object(CodeIgniter\Log\Logger))
#8 C:\xampp\htdocs\antzeincompany\system\CodeIgniter.php(401): CodeIgniter\CodeIgniter->createController()
#9 C:\xampp\htdocs\antzeincompany\system\CodeIgniter.php(318): CodeIgniter\CodeIgniter->handleRequest(NULL, Object(Config\Cache), false)
#10 C:\xampp\htdocs\antzeincompany\public\index.php(37): CodeIgniter\CodeIgniter->run()
#11 C:\xampp\htdocs\antzeincompany\index.php(7): require_once('C:\\xampp\\htdocs...')
#12 {main}
CRITICAL - 2022-04-01 22:47:55 --> The framework needs the following extension(s) installed and loaded: GD.
#0 C:\xampp\htdocs\antzeincompany\system\Images\Handlers\GDHandler.php(34): CodeIgniter\Exceptions\FrameworkException::forMissingExtension('GD')
#1 C:\xampp\htdocs\antzeincompany\system\Config\Services.php(312): CodeIgniter\Images\Handlers\GDHandler->__construct(Object(Config\Images))
#2 C:\xampp\htdocs\antzeincompany\system\Config\BaseService.php(248): CodeIgniter\Config\Services::image('gd', Object(Config\Images), false)
#3 C:\xampp\htdocs\antzeincompany\system\Config\BaseService.php(189): CodeIgniter\Config\BaseService::__callStatic('image', Array)
#4 C:\xampp\htdocs\antzeincompany\system\Config\Services.php(305): CodeIgniter\Config\BaseService::getSharedInstance('image', NULL, NULL)
#5 C:\xampp\htdocs\antzeincompany\system\Config\BaseService.php(248): CodeIgniter\Config\Services::image()
#6 C:\xampp\htdocs\antzeincompany\app\Controllers\Admin\BaseController.php(44): CodeIgniter\Config\BaseService::__callStatic('image', Array)
#7 C:\xampp\htdocs\antzeincompany\system\CodeIgniter.php(802): App\Controllers\Admin\BaseController->initController(Object(CodeIgniter\HTTP\IncomingRequest), Object(CodeIgniter\HTTP\Response), Object(CodeIgniter\Log\Logger))
#8 C:\xampp\htdocs\antzeincompany\system\CodeIgniter.php(401): CodeIgniter\CodeIgniter->createController()
#9 C:\xampp\htdocs\antzeincompany\system\CodeIgniter.php(318): CodeIgniter\CodeIgniter->handleRequest(NULL, Object(Config\Cache), false)
#10 C:\xampp\htdocs\antzeincompany\public\index.php(37): CodeIgniter\CodeIgniter->run()
#11 C:\xampp\htdocs\antzeincompany\index.php(7): require_once('C:\\xampp\\htdocs...')
#12 {main}
